SF:lib/core/common/errors/exceptions.dart
DA:4,1
DA:10,0
DA:11,0
DA:15,0
DA:21,0
DA:22,0
LF:6
LH:1
end_of_record
SF:lib/core/common/errors/failures.dart
DA:5,1
DA:7,2
DA:8,0
DA:14,0
DA:16,1
DA:17,3
DA:21,0
DA:25,1
DA:27,0
DA:28,0
LF:10
LH:5
end_of_record
SF:lib/src/auth/data/data_sources/auth_remote_data_source.dart
DA:5,0
LF:1
LH:0
end_of_record
SF:lib/src/auth/data/models/user_model.dart
DA:5,1
DA:17,0
DA:18,0
DA:19,0
DA:20,0
DA:21,0
DA:24,0
DA:25,0
DA:27,0
DA:30,0
DA:31,0
DA:32,0
DA:33,0
DA:36,1
DA:37,0
DA:39,0
DA:51,0
DA:52,0
DA:53,0
DA:54,0
DA:55,0
DA:56,0
DA:57,0
DA:58,0
DA:59,0
DA:60,0
DA:61,0
DA:64,0
DA:65,0
DA:66,0
DA:67,0
DA:68,0
DA:69,0
DA:70,0
DA:71,0
DA:72,0
DA:73,0
DA:74,0
DA:75,0
LF:39
LH:2
end_of_record
SF:lib/src/auth/data/repos/auth_repo_implementation.dart
DA:12,1
DA:15,1
DA:18,2
DA:20,1
DA:21,4
DA:25,1
DA:32,2
DA:33,1
DA:34,1
DA:35,4
DA:39,1
DA:46,2
DA:51,1
DA:52,1
DA:53,4
DA:57,1
DA:63,2
DA:68,1
DA:69,4
LF:19
LH:19
end_of_record
SF:lib/src/auth/domain/repos/auth_repo.dart
DA:6,1
LF:1
LH:1
end_of_record
SF:lib/src/auth/domain/entities/user.dart
DA:15,1
DA:28,0
DA:29,0
DA:42,0
DA:43,0
DA:45,0
DA:46,0
DA:47,0
LF:8
LH:1
end_of_record
