SF:lib/core/common/errors/exceptions.dart
DA:4,0
DA:10,0
DA:11,0
DA:15,1
DA:21,0
DA:22,0
LF:6
LH:1
end_of_record
SF:lib/core/common/errors/failures.dart
DA:5,1
DA:7,2
DA:8,0
DA:14,0
DA:16,1
DA:17,3
DA:21,1
DA:25,0
DA:27,0
DA:28,0
LF:10
LH:5
end_of_record
SF:lib/src/on_boarding/data/data_sources/on_boarding_local_data_source.dart
DA:5,0
DA:14,0
DA:18,0
DA:21,0
DA:23,0
DA:27,0
DA:30,0
DA:32,0
LF:8
LH:0
end_of_record
SF:lib/src/on_boarding/data/repos/on_boarding_repo_implementation.dart
DA:9,1
DA:12,1
DA:15,2
DA:17,1
DA:18,4
DA:22,0
LF:6
LH:5
end_of_record
